producer_class	xtools.gsea.GseaPreranked
producer_timestamp	1743724865498
param	rpt_label	ControlvsBbExposure
param	rnd_seed	12345
param	set_min	15
param	zip_report	false
param	create_svgs	false
param	scoring_scheme	weighted
param	rnk	/home/rstudio/projects/Chloe_Calica/A3/data/ranked_gene_list.rnk
param	norm	meandiv
param	out	/home/rstudio/projects/Chloe_Calica/A3/gseaOutput
param	mode	Max_probe
param	include_only_symbols	true
param	help	false
param	set_max	200
param	gmx	gseaOutput/Human_GOBP_AllPathways_noPFOCR_no_GO_iea_March_01_2025_symbol.gmt
param	make_sets	true
param	plot_top_x	20
param	gui	false
param	nperm	1000
param	collapse	No_Collapse

file	gseaOutput/ControlvsBbExposure.GseaPreranked.1743724865498/index.html
